This file contains any messages produced by compilers while
running configure, to aid debugging if configure makes a mistake.

It was created by cpptk configure 1.0.3, which was
generated by GNU Autoconf 2.69.  Invocation command line was

  $ ./configure --prefix=/usr --libdir=/usr/lib64

## --------- ##
## Platform. ##
## --------- ##

hostname = serenity
uname -m = x86_64
uname -r = 4.10.10-ck1
uname -s = Linux
uname -v = #1 SMP PREEMPT Thu Apr 13 21:39:06 EDT 2017

/usr/bin/uname -p = Intel(R) Xeon(R) CPU E5-1620 0 @ 3.60GHz
/bin/uname -X     = unknown

/bin/arch              = x86_64
/usr/bin/arch -k       = unknown
/usr/convex/getsysinfo = unknown
/usr/bin/hostinfo      = unknown
/bin/machine           = unknown
/usr/bin/oslevel       = unknown
/bin/universe          = unknown

PATH: /usr/local/sbin
PATH: /usr/sbin
PATH: /sbin
PATH: /usr/local/bin
PATH: /usr/bin
PATH: /bin
PATH: /usr/games
PATH: /usr/share/cuda/bin
PATH: /usr/lib64/java/bin
PATH: /usr/lib64/java/jre/bin
PATH: /usr/lib64/kde4/libexec
PATH: /usr/lib64/qt/bin
PATH: /usr/lib64/qt5/bin
PATH: /usr/share/texmf/bin


## ----------- ##
## Core tests. ##
## ----------- ##

configure:2335: checking for a BSD-compatible install
configure:2403: result: /usr/bin/ginstall -c
configure:2414: checking whether build environment is sane
configure:2469: result: yes
configure:2620: checking for a thread-safe mkdir -p
configure:2659: result: /usr/bin/mkdir -p
configure:2666: checking for gawk
configure:2682: found /usr/bin/gawk
configure:2693: result: gawk
configure:2704: checking whether make sets $(MAKE)
configure:2726: result: yes
configure:2755: checking whether make supports nested variables
configure:2772: result: yes
configure:2966: checking for g++
configure:2982: found /usr/bin/g++
configure:2993: result: g++
configure:3020: checking for C++ compiler version
configure:3029: g++ --version >&5
g++ (GCC) 5.3.0
Copyright (C) 2015 Free Software Foundation, Inc.
This is free software; see the source for copying conditions.  There is NO
warranty; not even for MERCHANTABILITY or FITNESS FOR A PARTICULAR PURPOSE.

configure:3040: $? = 0
configure:3029: g++ -v >&5
Reading specs from /usr/lib64/gcc/x86_64-slackware-linux/5.3.0/specs
COLLECT_GCC=g++
COLLECT_LTO_WRAPPER=/usr/libexec/gcc/x86_64-slackware-linux/5.3.0/lto-wrapper
Target: x86_64-slackware-linux
Configured with: ../gcc-5.3.0/configure --prefix=/usr --libdir=/usr/lib64 --mandir=/usr/man --infodir=/usr/info --enable-shared --enable-bootstrap --enable-languages=ada,c,c++,fortran,go,java,lto,objc --enable-threads=posix --enable-checking=release --enable-objc-gc --with-system-zlib --with-python-dir=/lib64/python2.7/site-packages --enable-libstdcxx-dual-abi --with-default-libstdcxx-abi=gcc4-compatible --disable-libunwind-exceptions --enable-__cxa_atexit --enable-libssp --enable-lto --disable-install-libiberty --with-gnu-ld --verbose --enable-java-home --with-java-home=/usr/lib64/jvm/jre --with-jvm-root-dir=/usr/lib64/jvm --with-jvm-jar-dir=/usr/lib64/jvm/jvm-exports --with-arch-directory=amd64 --with-antlr-jar=/home/slackware/slackbuilds/gcc/antlr-runtime-3.4.jar --enable-multilib --target=x86_64-slackware-linux --build=x86_64-slackware-linux --host=x86_64-slackware-linux
Thread model: posix
gcc version 5.3.0 (GCC) 
configure:3040: $? = 0
configure:3029: g++ -V >&5
g++: error: unrecognized command line option '-V'
g++: fatal error: no input files
compilation terminated.
configure:3040: $? = 1
configure:3029: g++ -qversion >&5
g++: error: unrecognized command line option '-qversion'
g++: fatal error: no input files
compilation terminated.
configure:3040: $? = 1
configure:3060: checking whether the C++ compiler works
configure:3082: g++    conftest.cpp  >&5
configure:3086: $? = 0
configure:3134: result: yes
configure:3137: checking for C++ compiler default output file name
configure:3139: result: a.out
configure:3145: checking for suffix of executables
configure:3152: g++ -o conftest    conftest.cpp  >&5
configure:3156: $? = 0
configure:3178: result: 
configure:3200: checking whether we are cross compiling
configure:3208: g++ -o conftest    conftest.cpp  >&5
configure:3212: $? = 0
configure:3219: ./conftest
configure:3223: $? = 0
configure:3238: result: no
configure:3243: checking for suffix of object files
configure:3265: g++ -c   conftest.cpp >&5
configure:3269: $? = 0
configure:3290: result: o
configure:3294: checking whether we are using the GNU C++ compiler
configure:3313: g++ -c   conftest.cpp >&5
configure:3313: $? = 0
configure:3322: result: yes
configure:3331: checking whether g++ accepts -g
configure:3351: g++ -c -g  conftest.cpp >&5
configure:3351: $? = 0
configure:3392: result: yes
configure:3426: checking for style of include used by make
configure:3454: result: GNU
configure:3480: checking dependency style of g++
configure:3591: result: gcc3
configure:3654: checking for gcc
configure:3670: found /usr/bin/gcc
configure:3681: result: gcc
configure:3910: checking for C compiler version
configure:3919: gcc --version >&5
gcc (GCC) 5.3.0
Copyright (C) 2015 Free Software Foundation, Inc.
This is free software; see the source for copying conditions.  There is NO
warranty; not even for MERCHANTABILITY or FITNESS FOR A PARTICULAR PURPOSE.

configure:3930: $? = 0
configure:3919: gcc -v >&5
Reading specs from /usr/lib64/gcc/x86_64-slackware-linux/5.3.0/specs
COLLECT_GCC=gcc
COLLECT_LTO_WRAPPER=/usr/libexec/gcc/x86_64-slackware-linux/5.3.0/lto-wrapper
Target: x86_64-slackware-linux
Configured with: ../gcc-5.3.0/configure --prefix=/usr --libdir=/usr/lib64 --mandir=/usr/man --infodir=/usr/info --enable-shared --enable-bootstrap --enable-languages=ada,c,c++,fortran,go,java,lto,objc --enable-threads=posix --enable-checking=release --enable-objc-gc --with-system-zlib --with-python-dir=/lib64/python2.7/site-packages --enable-libstdcxx-dual-abi --with-default-libstdcxx-abi=gcc4-compatible --disable-libunwind-exceptions --enable-__cxa_atexit --enable-libssp --enable-lto --disable-install-libiberty --with-gnu-ld --verbose --enable-java-home --with-java-home=/usr/lib64/jvm/jre --with-jvm-root-dir=/usr/lib64/jvm --with-jvm-jar-dir=/usr/lib64/jvm/jvm-exports --with-arch-directory=amd64 --with-antlr-jar=/home/slackware/slackbuilds/gcc/antlr-runtime-3.4.jar --enable-multilib --target=x86_64-slackware-linux --build=x86_64-slackware-linux --host=x86_64-slackware-linux
Thread model: posix
gcc version 5.3.0 (GCC) 
configure:3930: $? = 0
configure:3919: gcc -V >&5
gcc: error: unrecognized command line option '-V'
gcc: fatal error: no input files
compilation terminated.
configure:3930: $? = 1
configure:3919: gcc -qversion >&5
gcc: error: unrecognized command line option '-qversion'
gcc: fatal error: no input files
compilation terminated.
configure:3930: $? = 1
configure:3934: checking whether we are using the GNU C compiler
configure:3953: gcc -c   conftest.c >&5
configure:3953: $? = 0
configure:3962: result: yes
configure:3971: checking whether gcc accepts -g
configure:3991: gcc -c -g  conftest.c >&5
configure:3991: $? = 0
configure:4032: result: yes
configure:4049: checking for gcc option to accept ISO C89
configure:4112: gcc  -c -g -O2  conftest.c >&5
configure:4112: $? = 0
configure:4125: result: none needed
configure:4150: checking whether gcc understands -c and -o together
configure:4172: gcc -c conftest.c -o conftest2.o
configure:4175: $? = 0
configure:4172: gcc -c conftest.c -o conftest2.o
configure:4175: $? = 0
configure:4187: result: yes
configure:4206: checking dependency style of gcc
configure:4317: result: gcc3
configure:4382: checking for ar
configure:4398: found /usr/bin/ar
configure:4409: result: ar
configure:4435: checking the archiver (ar) interface
configure:4451: gcc -c -g -O2  conftest.c >&5
configure:4451: $? = 0
configure:4453: ar cru libconftest.a conftest.o >&5
configure:4456: $? = 0
configure:4484: result: ar
configure:4558: checking for pkg-config
configure:4576: found /usr/bin/pkg-config
configure:4588: result: /usr/bin/pkg-config
configure:4613: checking pkg-config is at least version 0.9.0
configure:4616: result: yes
configure:4626: checking for tk
configure:4633: $PKG_CONFIG --exists --print-errors "tk"
configure:4636: $? = 0
configure:4650: $PKG_CONFIG --exists --print-errors "tk"
configure:4653: $? = 0
configure:4711: result: yes
configure:4759: checking build system type
configure:4773: result: x86_64-unknown-linux-gnu
configure:4793: checking host system type
configure:4806: result: x86_64-unknown-linux-gnu
configure:4847: checking how to print strings
configure:4874: result: printf
configure:4895: checking for a sed that does not truncate output
configure:4959: result: /usr/bin/sed
configure:4977: checking for grep that handles long lines and -e
configure:5035: result: /usr/bin/grep
configure:5040: checking for egrep
configure:5102: result: /usr/bin/grep -E
configure:5107: checking for fgrep
configure:5169: result: /usr/bin/grep -F
configure:5204: checking for ld used by gcc
configure:5271: result: /usr/x86_64-slackware-linux/bin/ld
configure:5278: checking if the linker (/usr/x86_64-slackware-linux/bin/ld) is GNU ld
configure:5293: result: yes
configure:5305: checking for BSD- or MS-compatible name lister (nm)
configure:5359: result: /usr/bin/nm -B
configure:5489: checking the name lister (/usr/bin/nm -B) interface
configure:5496: gcc -c -g -O2  conftest.c >&5
configure:5499: /usr/bin/nm -B "conftest.o"
configure:5502: output
0000000000000000 B some_variable
configure:5509: result: BSD nm
configure:5512: checking whether ln -s works
configure:5516: result: yes
configure:5524: checking the maximum length of command line arguments
configure:5655: result: 1572864
configure:5703: checking how to convert x86_64-unknown-linux-gnu file names to x86_64-unknown-linux-gnu format
configure:5743: result: func_convert_file_noop
configure:5750: checking how to convert x86_64-unknown-linux-gnu file names to toolchain format
configure:5770: result: func_convert_file_noop
configure:5777: checking for /usr/x86_64-slackware-linux/bin/ld option to reload object files
configure:5784: result: -r
configure:5858: checking for objdump
configure:5874: found /usr/bin/objdump
configure:5885: result: objdump
configure:5917: checking how to recognize dependent libraries
configure:6117: result: pass_all
configure:6202: checking for dlltool
configure:6218: found /usr/bin/dlltool
configure:6229: result: dlltool
configure:6262: checking how to associate runtime and link libraries
configure:6289: result: printf %s\n
configure:6413: checking for archiver @FILE support
configure:6430: gcc -c -g -O2  conftest.c >&5
configure:6430: $? = 0
configure:6433: ar cru libconftest.a @conftest.lst >&5
configure:6436: $? = 0
configure:6441: ar cru libconftest.a @conftest.lst >&5
ar: conftest.o: No such file or directory
configure:6444: $? = 1
configure:6456: result: @
configure:6514: checking for strip
configure:6530: found /usr/bin/strip
configure:6541: result: strip
configure:6613: checking for ranlib
configure:6629: found /usr/bin/ranlib
configure:6640: result: ranlib
configure:6742: checking command to parse /usr/bin/nm -B output from gcc object
configure:6895: gcc -c -g -O2  conftest.c >&5
configure:6898: $? = 0
configure:6902: /usr/bin/nm -B conftest.o \| sed -n -e 's/^.*[ ]\([ABCDGIRSTW][ABCDGIRSTW]*\)[ ][ ]*\([_A-Za-z][_A-Za-z0-9]*\)$/\1 \2 \2/p' | sed '/ __gnu_lto/d' \> conftest.nm
configure:6905: $? = 0
configure:6971: gcc -o conftest -g -O2   conftest.c conftstm.o >&5
configure:6974: $? = 0
configure:7012: result: ok
configure:7059: checking for sysroot
configure:7089: result: no
configure:7096: checking for a working dd
configure:7134: result: /usr/bin/dd
configure:7138: checking how to truncate binary pipes
configure:7153: result: /usr/bin/dd bs=4096 count=1
configure:7289: gcc -c -g -O2  conftest.c >&5
configure:7292: $? = 0
configure:7482: checking for mt
configure:7498: found /bin/mt
configure:7509: result: mt
configure:7532: checking if mt is a manifest tool
configure:7538: mt '-?'
usage: mt [-v] [--version] [-h] [ -f device ] command [ count ]
configure:7546: result: no
configure:8223: checking how to run the C preprocessor
configure:8254: gcc -E  conftest.c
configure:8254: $? = 0
configure:8268: gcc -E  conftest.c
conftest.c:11:28: fatal error: ac_nonexistent.h: No such file or directory
compilation terminated.
configure:8268: $? = 1
configure: failed program was:
| /* confdefs.h */
| #define PACKAGE_NAME "cpptk"
| #define PACKAGE_TARNAME "cpptk"
| #define PACKAGE_VERSION "1.0.3"
| #define PACKAGE_STRING "cpptk 1.0.3"
| #define PACKAGE_BUGREPORT "https://github.com/RogueAI42/cpptk/issues"
| #define PACKAGE_URL "https://github.com/RogueAI42/cpptk"
| #define PACKAGE "cpptk"
| #define VERSION "1.0.3"
| /* end confdefs.h.  */
| #include <ac_nonexistent.h>
configure:8293: result: gcc -E
configure:8313: gcc -E  conftest.c
configure:8313: $? = 0
configure:8327: gcc -E  conftest.c
conftest.c:11:28: fatal error: ac_nonexistent.h: No such file or directory
compilation terminated.
configure:8327: $? = 1
configure: failed program was:
| /* confdefs.h */
| #define PACKAGE_NAME "cpptk"
| #define PACKAGE_TARNAME "cpptk"
| #define PACKAGE_VERSION "1.0.3"
| #define PACKAGE_STRING "cpptk 1.0.3"
| #define PACKAGE_BUGREPORT "https://github.com/RogueAI42/cpptk/issues"
| #define PACKAGE_URL "https://github.com/RogueAI42/cpptk"
| #define PACKAGE "cpptk"
| #define VERSION "1.0.3"
| /* end confdefs.h.  */
| #include <ac_nonexistent.h>
configure:8356: checking for ANSI C header files
configure:8376: gcc -c -g -O2  conftest.c >&5
configure:8376: $? = 0
configure:8449: gcc -o conftest -g -O2   conftest.c  >&5
configure:8449: $? = 0
configure:8449: ./conftest
configure:8449: $? = 0
configure:8460: result: yes
configure:8473: checking for sys/types.h
configure:8473: gcc -c -g -O2  conftest.c >&5
configure:8473: $? = 0
configure:8473: result: yes
configure:8473: checking for sys/stat.h
configure:8473: gcc -c -g -O2  conftest.c >&5
configure:8473: $? = 0
configure:8473: result: yes
configure:8473: checking for stdlib.h
configure:8473: gcc -c -g -O2  conftest.c >&5
configure:8473: $? = 0
configure:8473: result: yes
configure:8473: checking for string.h
configure:8473: gcc -c -g -O2  conftest.c >&5
configure:8473: $? = 0
configure:8473: result: yes
configure:8473: checking for memory.h
configure:8473: gcc -c -g -O2  conftest.c >&5
configure:8473: $? = 0
configure:8473: result: yes
configure:8473: checking for strings.h
configure:8473: gcc -c -g -O2  conftest.c >&5
configure:8473: $? = 0
configure:8473: result: yes
configure:8473: checking for inttypes.h
configure:8473: gcc -c -g -O2  conftest.c >&5
configure:8473: $? = 0
configure:8473: result: yes
configure:8473: checking for stdint.h
configure:8473: gcc -c -g -O2  conftest.c >&5
configure:8473: $? = 0
configure:8473: result: yes
configure:8473: checking for unistd.h
configure:8473: gcc -c -g -O2  conftest.c >&5
configure:8473: $? = 0
configure:8473: result: yes
configure:8487: checking for dlfcn.h
configure:8487: gcc -c -g -O2  conftest.c >&5
configure:8487: $? = 0
configure:8487: result: yes
configure:8754: checking for objdir
configure:8769: result: .libs
configure:9033: checking if gcc supports -fno-rtti -fno-exceptions
configure:9051: gcc -c -g -O2  -fno-rtti -fno-exceptions conftest.c >&5
cc1: warning: command line option '-fno-rtti' is valid for C++/ObjC++ but not for C
configure:9055: $? = 0
configure:9068: result: no
configure:9426: checking for gcc option to produce PIC
configure:9433: result: -fPIC -DPIC
configure:9441: checking if gcc PIC flag -fPIC -DPIC works
configure:9459: gcc -c -g -O2  -fPIC -DPIC -DPIC conftest.c >&5
configure:9463: $? = 0
configure:9476: result: yes
configure:9505: checking if gcc static flag -static works
configure:9533: result: yes
configure:9548: checking if gcc supports -c -o file.o
configure:9569: gcc -c -g -O2  -o out/conftest2.o conftest.c >&5
configure:9573: $? = 0
configure:9595: result: yes
configure:9603: checking if gcc supports -c -o file.o
configure:9650: result: yes
configure:9683: checking whether the gcc linker (/usr/x86_64-slackware-linux/bin/ld -m elf_x86_64) supports shared libraries
configure:10942: result: yes
configure:10979: checking whether -lc should be explicitly linked in
configure:10987: gcc -c -g -O2  conftest.c >&5
configure:10990: $? = 0
configure:11005: gcc -shared  -fPIC -DPIC conftest.o  -v -Wl,-soname -Wl,conftest -o conftest 2\>\&1 \| /usr/bin/grep  -lc  \>/dev/null 2\>\&1
configure:11008: $? = 0
configure:11022: result: no
configure:11182: checking dynamic linker characteristics
configure:11763: gcc -o conftest -g -O2   -Wl,-rpath -Wl,/foo conftest.c  >&5
configure:11763: $? = 0
configure:12000: result: GNU/Linux ld.so
configure:12122: checking how to hardcode library paths into programs
configure:12147: result: immediate
configure:12695: checking whether stripping libraries is possible
configure:12700: result: yes
configure:12735: checking if libtool supports shared libraries
configure:12737: result: yes
configure:12740: checking whether to build shared libraries
configure:12765: result: yes
configure:12768: checking whether to build static libraries
configure:12772: result: yes
configure:12795: checking how to run the C++ preprocessor
configure:12822: g++ -E  conftest.cpp
configure:12822: $? = 0
configure:12836: g++ -E  conftest.cpp
conftest.cpp:23:28: fatal error: ac_nonexistent.h: No such file or directory
compilation terminated.
configure:12836: $? = 1
configure: failed program was:
| /* confdefs.h */
| #define PACKAGE_NAME "cpptk"
| #define PACKAGE_TARNAME "cpptk"
| #define PACKAGE_VERSION "1.0.3"
| #define PACKAGE_STRING "cpptk 1.0.3"
| #define PACKAGE_BUGREPORT "https://github.com/RogueAI42/cpptk/issues"
| #define PACKAGE_URL "https://github.com/RogueAI42/cpptk"
| #define PACKAGE "cpptk"
| #define VERSION "1.0.3"
| #define STDC_HEADERS 1
| #define HAVE_SYS_TYPES_H 1
| #define HAVE_SYS_STAT_H 1
| #define HAVE_STDLIB_H 1
| #define HAVE_STRING_H 1
| #define HAVE_MEMORY_H 1
| #define HAVE_STRINGS_H 1
| #define HAVE_INTTYPES_H 1
| #define HAVE_STDINT_H 1
| #define HAVE_UNISTD_H 1
| #define HAVE_DLFCN_H 1
| #define LT_OBJDIR ".libs/"
| /* end confdefs.h.  */
| #include <ac_nonexistent.h>
configure:12861: result: g++ -E
configure:12881: g++ -E  conftest.cpp
configure:12881: $? = 0
configure:12895: g++ -E  conftest.cpp
conftest.cpp:23:28: fatal error: ac_nonexistent.h: No such file or directory
compilation terminated.
configure:12895: $? = 1
configure: failed program was:
| /* confdefs.h */
| #define PACKAGE_NAME "cpptk"
| #define PACKAGE_TARNAME "cpptk"
| #define PACKAGE_VERSION "1.0.3"
| #define PACKAGE_STRING "cpptk 1.0.3"
| #define PACKAGE_BUGREPORT "https://github.com/RogueAI42/cpptk/issues"
| #define PACKAGE_URL "https://github.com/RogueAI42/cpptk"
| #define PACKAGE "cpptk"
| #define VERSION "1.0.3"
| #define STDC_HEADERS 1
| #define HAVE_SYS_TYPES_H 1
| #define HAVE_SYS_STAT_H 1
| #define HAVE_STDLIB_H 1
| #define HAVE_STRING_H 1
| #define HAVE_MEMORY_H 1
| #define HAVE_STRINGS_H 1
| #define HAVE_INTTYPES_H 1
| #define HAVE_STDINT_H 1
| #define HAVE_UNISTD_H 1
| #define HAVE_DLFCN_H 1
| #define LT_OBJDIR ".libs/"
| /* end confdefs.h.  */
| #include <ac_nonexistent.h>
configure:13057: checking for ld used by g++
configure:13124: result: /usr/x86_64-slackware-linux/bin/ld -m elf_x86_64
configure:13131: checking if the linker (/usr/x86_64-slackware-linux/bin/ld -m elf_x86_64) is GNU ld
configure:13146: result: yes
configure:13201: checking whether the g++ linker (/usr/x86_64-slackware-linux/bin/ld -m elf_x86_64) supports shared libraries
configure:14274: result: yes
configure:14310: g++ -c -g -O2  conftest.cpp >&5
configure:14313: $? = 0
configure:14794: checking for g++ option to produce PIC
configure:14801: result: -fPIC -DPIC
configure:14809: checking if g++ PIC flag -fPIC -DPIC works
configure:14827: g++ -c -g -O2  -fPIC -DPIC -DPIC conftest.cpp >&5
configure:14831: $? = 0
configure:14844: result: yes
configure:14867: checking if g++ static flag -static works
configure:14895: result: yes
configure:14907: checking if g++ supports -c -o file.o
configure:14928: g++ -c -g -O2  -o out/conftest2.o conftest.cpp >&5
configure:14932: $? = 0
configure:14954: result: yes
configure:14959: checking if g++ supports -c -o file.o
configure:15006: result: yes
configure:15036: checking whether the g++ linker (/usr/x86_64-slackware-linux/bin/ld -m elf_x86_64) supports shared libraries
configure:15076: result: yes
configure:15217: checking dynamic linker characteristics
configure:15962: result: GNU/Linux ld.so
configure:16027: checking how to hardcode library paths into programs
configure:16052: result: immediate
configure:16258: checking that generated files are newer than configure
configure:16264: result: done
configure:16295: creating ./config.status

## ---------------------- ##
## Running config.status. ##
## ---------------------- ##

This file was extended by cpptk config.status 1.0.3, which was
generated by GNU Autoconf 2.69.  Invocation command line was

  CONFIG_FILES    = 
  CONFIG_HEADERS  = 
  CONFIG_LINKS    = 
  CONFIG_COMMANDS = 
  $ ./config.status 

on serenity

config.status:1079: creating Makefile
config.status:1079: creating cpptk.pc
config.status:1251: executing depfiles commands
config.status:1251: executing libtool commands

## ---------------- ##
## Cache variables. ##
## ---------------- ##

ac_cv_build=x86_64-unknown-linux-gnu
ac_cv_c_compiler_gnu=yes
ac_cv_cxx_compiler_gnu=yes
ac_cv_env_CCC_set=
ac_cv_env_CCC_value=
ac_cv_env_CC_set=
ac_cv_env_CC_value=
ac_cv_env_CFLAGS_set=
ac_cv_env_CFLAGS_value=
ac_cv_env_CPPFLAGS_set=
ac_cv_env_CPPFLAGS_value=
ac_cv_env_CPP_set=
ac_cv_env_CPP_value=
ac_cv_env_CXXCPP_set=
ac_cv_env_CXXCPP_value=
ac_cv_env_CXXFLAGS_set=
ac_cv_env_CXXFLAGS_value=
ac_cv_env_CXX_set=
ac_cv_env_CXX_value=
ac_cv_env_LDFLAGS_set=
ac_cv_env_LDFLAGS_value=
ac_cv_env_LIBS_set=
ac_cv_env_LIBS_value=
ac_cv_env_LT_SYS_LIBRARY_PATH_set=
ac_cv_env_LT_SYS_LIBRARY_PATH_value=
ac_cv_env_PKG_CONFIG_LIBDIR_set=
ac_cv_env_PKG_CONFIG_LIBDIR_value=
ac_cv_env_PKG_CONFIG_PATH_set=set
ac_cv_env_PKG_CONFIG_PATH_value=/usr/local/lib64/pkgconfig:/usr/local/share/pkgconfig:/usr/lib64/pkgconfig:/usr/share/pkgconfig
ac_cv_env_PKG_CONFIG_set=
ac_cv_env_PKG_CONFIG_value=
ac_cv_env_TK_CFLAGS_set=
ac_cv_env_TK_CFLAGS_value=
ac_cv_env_TK_LIBS_set=
ac_cv_env_TK_LIBS_value=
ac_cv_env_build_alias_set=
ac_cv_env_build_alias_value=
ac_cv_env_host_alias_set=
ac_cv_env_host_alias_value=
ac_cv_env_target_alias_set=
ac_cv_env_target_alias_value=
ac_cv_header_dlfcn_h=yes
ac_cv_header_inttypes_h=yes
ac_cv_header_memory_h=yes
ac_cv_header_stdc=yes
ac_cv_header_stdint_h=yes
ac_cv_header_stdlib_h=yes
ac_cv_header_string_h=yes
ac_cv_header_strings_h=yes
ac_cv_header_sys_stat_h=yes
ac_cv_header_sys_types_h=yes
ac_cv_header_unistd_h=yes
ac_cv_host=x86_64-unknown-linux-gnu
ac_cv_objext=o
ac_cv_path_EGREP='/usr/bin/grep -E'
ac_cv_path_FGREP='/usr/bin/grep -F'
ac_cv_path_GREP=/usr/bin/grep
ac_cv_path_SED=/usr/bin/sed
ac_cv_path_ac_pt_PKG_CONFIG=/usr/bin/pkg-config
ac_cv_path_install='/usr/bin/ginstall -c'
ac_cv_path_lt_DD=/usr/bin/dd
ac_cv_path_mkdir=/usr/bin/mkdir
ac_cv_prog_AWK=gawk
ac_cv_prog_CPP='gcc -E'
ac_cv_prog_CXXCPP='g++ -E'
ac_cv_prog_ac_ct_AR=ar
ac_cv_prog_ac_ct_CC=gcc
ac_cv_prog_ac_ct_CXX=g++
ac_cv_prog_ac_ct_DLLTOOL=dlltool
ac_cv_prog_ac_ct_MANIFEST_TOOL=mt
ac_cv_prog_ac_ct_OBJDUMP=objdump
ac_cv_prog_ac_ct_RANLIB=ranlib
ac_cv_prog_ac_ct_STRIP=strip
ac_cv_prog_cc_c89=
ac_cv_prog_cc_g=yes
ac_cv_prog_cxx_g=yes
ac_cv_prog_make_make_set=yes
am_cv_CC_dependencies_compiler_type=gcc3
am_cv_CXX_dependencies_compiler_type=gcc3
am_cv_ar_interface=ar
am_cv_make_support_nested_variables=yes
am_cv_prog_cc_c_o=yes
lt_cv_ar_at_file=@
lt_cv_archive_cmds_need_lc=no
lt_cv_deplibs_check_method=pass_all
lt_cv_file_magic_cmd='$MAGIC_CMD'
lt_cv_file_magic_test_file=
lt_cv_ld_reload_flag=-r
lt_cv_nm_interface='BSD nm'
lt_cv_objdir=.libs
lt_cv_path_LD=/usr/x86_64-slackware-linux/bin/ld
lt_cv_path_LDCXX='/usr/x86_64-slackware-linux/bin/ld -m elf_x86_64'
lt_cv_path_NM='/usr/bin/nm -B'
lt_cv_path_mainfest_tool=no
lt_cv_prog_compiler_c_o=yes
lt_cv_prog_compiler_c_o_CXX=yes
lt_cv_prog_compiler_pic='-fPIC -DPIC'
lt_cv_prog_compiler_pic_CXX='-fPIC -DPIC'
lt_cv_prog_compiler_pic_works=yes
lt_cv_prog_compiler_pic_works_CXX=yes
lt_cv_prog_compiler_rtti_exceptions=no
lt_cv_prog_compiler_static_works=yes
lt_cv_prog_compiler_static_works_CXX=yes
lt_cv_prog_gnu_ld=yes
lt_cv_prog_gnu_ldcxx=yes
lt_cv_sharedlib_from_linklib_cmd='printf %s\n'
lt_cv_shlibpath_overrides_runpath=no
lt_cv_sys_global_symbol_pipe='sed -n -e '\''s/^.*[	 ]\([ABCDGIRSTW][ABCDGIRSTW]*\)[	 ][	 ]*\([_A-Za-z][_A-Za-z0-9]*\)$/\1 \2 \2/p'\'' | sed '\''/ __gnu_lto/d'\'''
lt_cv_sys_global_symbol_to_c_name_address='sed -n -e '\''s/^: \(.*\) .*$/  {"\1", (void *) 0},/p'\'' -e '\''s/^[ABCDGIRSTW][ABCDGIRSTW]* .* \(.*\)$/  {"\1", (void *) \&\1},/p'\'''
lt_cv_sys_global_symbol_to_c_name_address_lib_prefix='sed -n -e '\''s/^: \(.*\) .*$/  {"\1", (void *) 0},/p'\'' -e '\''s/^[ABCDGIRSTW][ABCDGIRSTW]* .* \(lib.*\)$/  {"\1", (void *) \&\1},/p'\'' -e '\''s/^[ABCDGIRSTW][ABCDGIRSTW]* .* \(.*\)$/  {"lib\1", (void *) \&\1},/p'\'''
lt_cv_sys_global_symbol_to_cdecl='sed -n -e '\''s/^T .* \(.*\)$/extern int \1();/p'\'' -e '\''s/^[ABCDGIRSTW][ABCDGIRSTW]* .* \(.*\)$/extern char \1;/p'\'''
lt_cv_sys_global_symbol_to_import=
lt_cv_sys_max_cmd_len=1572864
lt_cv_to_host_file_cmd=func_convert_file_noop
lt_cv_to_tool_file_cmd=func_convert_file_noop
lt_cv_truncate_bin='/usr/bin/dd bs=4096 count=1'
pkg_cv_TK_CFLAGS=
pkg_cv_TK_LIBS='-ltk8.6 -ltkstub8.6 -ltcl8.6 -ltclstub8.6'

## ----------------- ##
## Output variables. ##
## ----------------- ##

ACLOCAL='${SHELL} /root/cpptk/build-aux/missing aclocal-1.15'
AMDEPBACKSLASH='\'
AMDEP_FALSE='#'
AMDEP_TRUE=''
AMTAR='$${TAR-tar}'
AM_BACKSLASH='\'
AM_DEFAULT_V='$(AM_DEFAULT_VERBOSITY)'
AM_DEFAULT_VERBOSITY='1'
AM_V='$(V)'
AR='ar'
AUTOCONF='${SHELL} /root/cpptk/build-aux/missing autoconf'
AUTOHEADER='${SHELL} /root/cpptk/build-aux/missing autoheader'
AUTOMAKE='${SHELL} /root/cpptk/build-aux/missing automake-1.15'
AWK='gawk'
CC='gcc'
CCDEPMODE='depmode=gcc3'
CFLAGS='-g -O2'
CPP='gcc -E'
CPPFLAGS=''
CXX='g++'
CXXCPP='g++ -E'
CXXDEPMODE='depmode=gcc3'
CXXFLAGS='-g -O2'
CYGPATH_W='echo'
DEFS='-DPACKAGE_NAME=\"cpptk\" -DPACKAGE_TARNAME=\"cpptk\" -DPACKAGE_VERSION=\"1.0.3\" -DPACKAGE_STRING=\"cpptk\ 1.0.3\" -DPACKAGE_BUGREPORT=\"https://github.com/RogueAI42/cpptk/issues\" -DPACKAGE_URL=\"https://github.com/RogueAI42/cpptk\" -DPACKAGE=\"cpptk\" -DVERSION=\"1.0.3\" -DSTDC_HEADERS=1 -DHAVE_SYS_TYPES_H=1 -DHAVE_SYS_STAT_H=1 -DHAVE_STDLIB_H=1 -DHAVE_STRING_H=1 -DHAVE_MEMORY_H=1 -DHAVE_STRINGS_H=1 -DHAVE_INTTYPES_H=1 -DHAVE_STDINT_H=1 -DHAVE_UNISTD_H=1 -DHAVE_DLFCN_H=1 -DLT_OBJDIR=\".libs/\"'
DEPDIR='.deps'
DLLTOOL='dlltool'
DSYMUTIL=''
DUMPBIN=''
ECHO_C=''
ECHO_N='-n'
ECHO_T=''
EGREP='/usr/bin/grep -E'
ENABLE_EXAMPLES_FALSE=''
ENABLE_EXAMPLES_TRUE='#'
EXEEXT=''
FGREP='/usr/bin/grep -F'
GREP='/usr/bin/grep'
INSTALL_DATA='${INSTALL} -m 644'
INSTALL_PROGRAM='${INSTALL}'
INSTALL_SCRIPT='${INSTALL}'
INSTALL_STRIP_PROGRAM='$(install_sh) -c -s'
LD='/usr/x86_64-slackware-linux/bin/ld -m elf_x86_64'
LDFLAGS=''
LIBOBJS=''
LIBS=''
LIBTOOL='$(SHELL) $(top_builddir)/libtool'
LIPO=''
LN_S='ln -s'
LTLIBOBJS=''
LT_SYS_LIBRARY_PATH=''
MAKEINFO='${SHELL} /root/cpptk/build-aux/missing makeinfo'
MANIFEST_TOOL=':'
MKDIR_P='/usr/bin/mkdir -p'
NM='/usr/bin/nm -B'
NMEDIT=''
OBJDUMP='objdump'
OBJEXT='o'
OTOOL64=''
OTOOL=''
PACKAGE='cpptk'
PACKAGE_BUGREPORT='https://github.com/RogueAI42/cpptk/issues'
PACKAGE_NAME='cpptk'
PACKAGE_STRING='cpptk 1.0.3'
PACKAGE_TARNAME='cpptk'
PACKAGE_URL='https://github.com/RogueAI42/cpptk'
PACKAGE_VERSION='1.0.3'
PATH_SEPARATOR=':'
PKG_CONFIG='/usr/bin/pkg-config'
PKG_CONFIG_LIBDIR=''
PKG_CONFIG_PATH='/usr/local/lib64/pkgconfig:/usr/local/share/pkgconfig:/usr/lib64/pkgconfig:/usr/share/pkgconfig'
RANLIB='ranlib'
SED='/usr/bin/sed'
SET_MAKE=''
SHELL='/bin/sh'
STRIP='strip'
TK_CFLAGS=''
TK_LIBS='-ltk8.6 -ltkstub8.6 -ltcl8.6 -ltclstub8.6'
VERSION='1.0.3'
ac_ct_AR='ar'
ac_ct_CC='gcc'
ac_ct_CXX='g++'
ac_ct_DUMPBIN=''
am__EXEEXT_FALSE=''
am__EXEEXT_TRUE='#'
am__fastdepCC_FALSE='#'
am__fastdepCC_TRUE=''
am__fastdepCXX_FALSE='#'
am__fastdepCXX_TRUE=''
am__include='include'
am__isrc=''
am__leading_dot='.'
am__nodep='_no'
am__quote=''
am__tar='$${TAR-tar} chof - "$$tardir"'
am__untar='$${TAR-tar} xf -'
bindir='${exec_prefix}/bin'
build='x86_64-unknown-linux-gnu'
build_alias=''
build_cpu='x86_64'
build_os='linux-gnu'
build_vendor='unknown'
datadir='${datarootdir}'
datarootdir='${prefix}/share'
docdir='${datarootdir}/doc/${PACKAGE_TARNAME}'
dvidir='${docdir}'
exec_prefix='${prefix}'
host='x86_64-unknown-linux-gnu'
host_alias=''
host_cpu='x86_64'
host_os='linux-gnu'
host_vendor='unknown'
htmldir='${docdir}'
includedir='${prefix}/include'
infodir='${datarootdir}/info'
install_sh='${SHELL} /root/cpptk/build-aux/install-sh'
libdir='/usr/lib64'
libexecdir='${exec_prefix}/libexec'
localedir='${datarootdir}/locale'
localstatedir='${prefix}/var'
mandir='${datarootdir}/man'
mkdir_p='$(MKDIR_P)'
oldincludedir='/usr/include'
pdfdir='${docdir}'
pkgconfigdir='${libdir}/pkgconfig'
prefix='/usr'
program_transform_name='s,x,x,'
psdir='${docdir}'
sbindir='${exec_prefix}/sbin'
sharedstatedir='${prefix}/com'
sysconfdir='${prefix}/etc'
target_alias=''

## ----------- ##
## confdefs.h. ##
## ----------- ##

/* confdefs.h */
#define PACKAGE_NAME "cpptk"
#define PACKAGE_TARNAME "cpptk"
#define PACKAGE_VERSION "1.0.3"
#define PACKAGE_STRING "cpptk 1.0.3"
#define PACKAGE_BUGREPORT "https://github.com/RogueAI42/cpptk/issues"
#define PACKAGE_URL "https://github.com/RogueAI42/cpptk"
#define PACKAGE "cpptk"
#define VERSION "1.0.3"
#define STDC_HEADERS 1
#define HAVE_SYS_TYPES_H 1
#define HAVE_SYS_STAT_H 1
#define HAVE_STDLIB_H 1
#define HAVE_STRING_H 1
#define HAVE_MEMORY_H 1
#define HAVE_STRINGS_H 1
#define HAVE_INTTYPES_H 1
#define HAVE_STDINT_H 1
#define HAVE_UNISTD_H 1
#define HAVE_DLFCN_H 1
#define LT_OBJDIR ".libs/"

configure: exit 0
